<?xml version="1.0" encoding="UTF-8"?>
<testsuite xmlns:xsi="http://www.w3.org/2001/XMLSchema-instance" xsi:noNamespaceSchemaLocation="https://maven.apache.org/surefire/maven-surefire-plugin/xsd/surefire-test-report-3.0.xsd" version="3.0" name="org.wordz.WordzTest" time="0.192" tests="8" errors="0" skipped="0" failures="0">
  <properties>
[...]
</properties>
  <testcase name="scoreParameterized(String, String, String)[1]" classname="org.wordz.WordzTest" time="0.092"/>
  <testcase name="scoreParameterized(String, String, String)[2]" classname="org.wordz.WordzTest" time="0.001"/>
  <testcase name="scoreParameterized(String, String, String)[3]" classname="org.wordz.WordzTest" time="0.001"/>
  <testcase name="scoreParameterized(String, String, String)[4]" classname="org.wordz.WordzTest" time="0.001"/>
  <testcase name="scoreParameterized(String, String, String)[5]" classname="org.wordz.WordzTest" time="0"/>
  <testcase name="oneCorrectLetter" classname="org.wordz.WordzTest" time="0.003"/>
  <testcase name="oneIncorrectLetter" classname="org.wordz.WordzTest" time="0"/>
  <testcase name="onePartCorrectLetter" classname="org.wordz.WordzTest" time="0.001"/>
</testsuite>